<?xml version="1.0" encoding="UTF-8"?>
<testsuite xmlns:xsi="http://www.w3.org/2001/XMLSchema-instance" xsi:noNamespaceSchemaLocation="https://maven.apache.org/surefire/maven-surefire-plugin/xsd/surefire-test-report-3.0.xsd" version="3.0" name="TestSuite" time="115.069" tests="2" errors="0" skipped="0" failures="0">
  <properties>
[...]
</properties>
  <testcase name="createLead" classname="com.leafBot.testcases.TC003_CreateLead" time="22.626"/>
  <testcase name="createLead" classname="com.leafBot.testcases.TC003_CreateLead" time="46.815"/>
</testsuite>